2009/04/30 22:15:35 commander.parser.commanderParser parse
ï¿½ï¿½ï¿½: XMLï¿½ï¿½ÍŠJï¿½n
2009/04/30 22:15:35 commander.parser.commanderParser parse
ï¿½Ú×ƒï¿½ï¿½xï¿½ï¿½ (ï¿½ï¿½): ï¿½ï¿½ï¿½íƒ‚ï¿½[ï¿½hï¿½Å‚Ìƒpï¿½[ï¿½Xï¿½ï¿½sï¿½ï¿½ï¿½Ü‚ï¿½ï¿½B
ï¿½ï¿½ï¿½íƒ‚ï¿½[ï¿½hï¿½Å‚Ìƒpï¿½[ï¿½Xï¿½ï¿½DTDï¿½ï¿½ï¿½ï¿½ï¿½ï¿½ï¿½ğ–³ï¿½ï¿½ï¿½ï¿½Ü‚ï¿½ï¿½ï¿½B
2009/04/30 22:15:35 commander.parser.commanderParser startDocument
ï¿½Ú×ƒï¿½ï¿½xï¿½ï¿½ (ï¿½ï¿½): startDocument
2009/04/30 22:15:35 commander.parser.commanderParser startElement
ï¿½Ú×ƒï¿½ï¿½xï¿½ï¿½ (ï¿½ï¿½): startElement:Task
2009/04/30 22:15:35 commander.parser.commanderParser startElement
ï¿½Ú×ƒï¿½ï¿½xï¿½ï¿½ (ï¿½ï¿½): startElement:DBConfig
2009/04/30 22:15:35 commander.core.SQLTaskManager addCommand
ï¿½ï¿½ï¿½: ï¿½Rï¿½}ï¿½ï¿½ï¿½hï¿½Ç‰AFcommander.core.DbConfCommand@209f4e
2009/04/30 22:15:35 commander.parser.commanderParser endElement
ï¿½Ú×ƒï¿½ï¿½xï¿½ï¿½ (ï¿½ï¿½): endElement:DBConfig
2009/04/30 22:15:35 commander.parser.commanderParser viewAttrStack
ï¿½Ú×ƒï¿½ï¿½xï¿½ï¿½ (ï¿½ï¿½): 	connection=jdbc:oracle:thin:@192.168.1.226:1521:ORCL
2009/04/30 22:15:35 commander.parser.commanderParser viewAttrStack
ï¿½Ú×ƒï¿½ï¿½xï¿½ï¿½ (ï¿½ï¿½): 	user=chancelab
2009/04/30 22:15:35 commander.parser.commanderParser viewAttrStack
ï¿½Ú×ƒï¿½ï¿½xï¿½ï¿½ (ï¿½ï¿½): 	pass=chancelab
2009/04/30 22:15:35 commander.parser.commanderParser viewAttrStack
ï¿½Ú×ƒï¿½ï¿½xï¿½ï¿½ (ï¿½ï¿½): 	---------
2009/04/30 22:15:35 commander.parser.commanderParser startElement
ï¿½Ú×ƒï¿½ï¿½xï¿½ï¿½ (ï¿½ï¿½): startElement:Command
2009/04/30 22:15:35 commander.parser.commanderParser startElement
ï¿½Ú×ƒï¿½ï¿½xï¿½ï¿½ (ï¿½ï¿½): startElement:Argument
2009/04/30 22:15:35 commander.parser.commanderParser endElement
ï¿½Ú×ƒï¿½ï¿½xï¿½ï¿½ (ï¿½ï¿½): endElement:Argument
2009/04/30 22:15:35 commander.parser.commanderParser viewAttrStack
ï¿½Ú×ƒï¿½ï¿½xï¿½ï¿½ (ï¿½ï¿½): 	class=commander.command.TableDeleteCommand
2009/04/30 22:15:35 commander.parser.commanderParser viewAttrStack
ï¿½Ú×ƒï¿½ï¿½xï¿½ï¿½ (ï¿½ï¿½): 	---------
2009/04/30 22:15:35 commander.parser.commanderParser viewAttrStack
ï¿½Ú×ƒï¿½ï¿½xï¿½ï¿½ (ï¿½ï¿½): 	class=java.lang.String
2009/04/30 22:15:35 commander.parser.commanderParser viewAttrStack
ï¿½Ú×ƒï¿½ï¿½xï¿½ï¿½ (ï¿½ï¿½): 	---------
2009/04/30 22:15:35 commander.parser.commanderParser endElement
ï¿½Ú×ƒï¿½ï¿½xï¿½ï¿½ (ï¿½ï¿½): endElement:Command
2009/04/30 22:15:35 commander.parser.commanderParser viewAttrStack
ï¿½Ú×ƒï¿½ï¿½xï¿½ï¿½ (ï¿½ï¿½): 	class=commander.command.TableDeleteCommand
2009/04/30 22:15:35 commander.parser.commanderParser viewAttrStack
ï¿½Ú×ƒï¿½ï¿½xï¿½ï¿½ (ï¿½ï¿½): 	---------
2009/04/30 22:15:35 commander.core.SQLTaskManager addCommand
ï¿½ï¿½ï¿½: ï¿½Rï¿½}ï¿½ï¿½ï¿½hï¿½Ç‰AFcommander.command.TableDeleteCommand:ï¿½eï¿½[ï¿½uï¿½ï¿½ï¿½fï¿½[ï¿½^ï¿½ï¿½íœï¿½ï¿½ï¿½Ü‚ï¿½ï¿½B
2009/04/30 22:15:35 commander.parser.commanderParser startElement
ï¿½Ú×ƒï¿½ï¿½xï¿½ï¿½ (ï¿½ï¿½): startElement:Command
2009/04/30 22:15:35 commander.parser.commanderParser startElement
ï¿½Ú×ƒï¿½ï¿½xï¿½ï¿½ (ï¿½ï¿½): startElement:Argument
2009/04/30 22:15:35 commander.parser.commanderParser endElement
ï¿½Ú×ƒï¿½ï¿½xï¿½ï¿½ (ï¿½ï¿½): endElement:Argument
2009/04/30 22:15:35 commander.parser.commanderParser viewAttrStack
ï¿½Ú×ƒï¿½ï¿½xï¿½ï¿½ (ï¿½ï¿½): 	class=commander.command.TableInsertCommand
2009/04/30 22:15:35 commander.parser.commanderParser viewAttrStack
ï¿½Ú×ƒï¿½ï¿½xï¿½ï¿½ (ï¿½ï¿½): 	---------
2009/04/30 22:15:35 commander.parser.commanderParser viewAttrStack
ï¿½Ú×ƒï¿½ï¿½xï¿½ï¿½ (ï¿½ï¿½): 	class=java.lang.String
2009/04/30 22:15:35 commander.parser.commanderParser viewAttrStack
ï¿½Ú×ƒï¿½ï¿½xï¿½ï¿½ (ï¿½ï¿½): 	---------
2009/04/30 22:15:35 commander.parser.commanderParser startElement
ï¿½Ú×ƒï¿½ï¿½xï¿½ï¿½ (ï¿½ï¿½): startElement:Argument
2009/04/30 22:15:35 commander.parser.commanderParser endElement
ï¿½Ú×ƒï¿½ï¿½xï¿½ï¿½ (ï¿½ï¿½): endElement:Argument
2009/04/30 22:15:35 commander.parser.commanderParser viewAttrStack
ï¿½Ú×ƒï¿½ï¿½xï¿½ï¿½ (ï¿½ï¿½): 	class=commander.command.TableInsertCommand
2009/04/30 22:15:35 commander.parser.commanderParser viewAttrStack
ï¿½Ú×ƒï¿½ï¿½xï¿½ï¿½ (ï¿½ï¿½): 	---------
2009/04/30 22:15:35 commander.parser.commanderParser viewAttrStack
ï¿½Ú×ƒï¿½ï¿½xï¿½ï¿½ (ï¿½ï¿½): 	class=java.lang.String
2009/04/30 22:15:35 commander.parser.commanderParser viewAttrStack
ï¿½Ú×ƒï¿½ï¿½xï¿½ï¿½ (ï¿½ï¿½): 	---------
2009/04/30 22:15:35 commander.parser.commanderParser endElement
ï¿½Ú×ƒï¿½ï¿½xï¿½ï¿½ (ï¿½ï¿½): endElement:Command
2009/04/30 22:15:35 commander.parser.commanderParser viewAttrStack
ï¿½Ú×ƒï¿½ï¿½xï¿½ï¿½ (ï¿½ï¿½): 	class=commander.command.TableInsertCommand
2009/04/30 22:15:35 commander.parser.commanderParser viewAttrStack
ï¿½Ú×ƒï¿½ï¿½xï¿½ï¿½ (ï¿½ï¿½): 	---------
2009/04/30 22:15:35 commander.core.SQLTaskManager addCommand
ï¿½ï¿½ï¿½: ï¿½Rï¿½}ï¿½ï¿½ï¿½hï¿½Ç‰AFcommander.command.TableInsertCommand:ï¿½eï¿½[ï¿½uï¿½ï¿½ï¿½ï¿½CSVï¿½tï¿½@ï¿½Cï¿½ï¿½ï¿½ï¿½ï¿½ï¿½Ìƒfï¿½[ï¿½^ï¿½ï¿½Cï¿½ï¿½ï¿½Tï¿½[ï¿½gï¿½ï¿½ï¿½Ü‚ï¿½ï¿½B
2009/04/30 22:15:35 commander.parser.commanderParser endElement
ï¿½Ú×ƒï¿½ï¿½xï¿½ï¿½ (ï¿½ï¿½): endElement:Task
2009/04/30 22:15:35 commander.parser.commanderParser endDocument
ï¿½Ú×ƒï¿½ï¿½xï¿½ï¿½ (ï¿½ï¿½): ï¿½hï¿½Lï¿½ï¿½ï¿½ï¿½ï¿½ï¿½ï¿½gï¿½Iï¿½ï¿½
2009/04/30 22:15:35 commander.parser.commanderParser parse
ï¿½ï¿½ï¿½: XMLï¿½ï¿½ÍIï¿½ï¿½
